\BOOKMARK [1][-]{section*.1}{\376\377\000A\000b\000s\000t\000r\000a\000c\000t}{}% 1
\BOOKMARK [1][-]{section*.2}{\376\377\000A\000c\000k\000n\000o\000w\000l\000e\000d\000g\000e\000m\000e\000n\000t\000s}{}% 2
\BOOKMARK [0][-]{chapter.1}{\376\377\000I\000n\000t\000r\000o\000d\000u\000c\000t\000i\000o\000n}{}% 3
\BOOKMARK [0][-]{chapter.2}{\376\377\000A\000s\000t\000r\000o\000p\000h\000y\000s\000i\000c\000a\000l\000\040\000M\000e\000s\000s\000e\000n\000g\000e\000r\000s}{}% 4
\BOOKMARK [1][-]{section.2.1}{\376\377\000C\000o\000s\000m\000i\000c\000\040\000R\000a\000y\000s}{chapter.2}% 5
\BOOKMARK [2][-]{subsection.2.1.1}{\376\377\000E\000n\000e\000r\000g\000y\000\040\000S\000p\000e\000c\000t\000r\000u\000m}{section.2.1}% 6
\BOOKMARK [2][-]{subsection.2.1.2}{\376\377\000A\000c\000c\000e\000l\000e\000r\000a\000t\000i\000o\000n\000\040\000M\000e\000c\000h\000a\000n\000i\000s\000m}{section.2.1}% 7
\BOOKMARK [1][-]{section.2.2}{\376\377\000P\000h\000o\000t\000o\000n\000s}{chapter.2}% 8
\BOOKMARK [2][-]{subsection.2.2.1}{\376\377\000L\000e\000p\000t\000o\000n\000i\000c\000\040\000R\000a\000d\000i\000a\000t\000i\000v\000e\000\040\000P\000r\000o\000c\000e\000s\000s\000e\000s}{section.2.2}% 9
\BOOKMARK [2][-]{subsection.2.2.2}{\376\377\000H\000a\000d\000r\000o\000n\000i\000c\000\040\000R\000a\000d\000i\000a\000t\000i\000v\000e\000\040\000P\000r\000o\000c\000e\000s\000s\000e\000s}{section.2.2}% 10
\BOOKMARK [2][-]{subsection.2.2.3}{\376\377\000G\000a\000m\000m\000a\000\040\000R\000a\000y\000s\000\040\000a\000s\000\040\000a\000n\000\040\000A\000s\000t\000r\000o\000p\000h\000y\000s\000i\000c\000a\000l\000\040\000M\000e\000s\000s\000e\000n\000g\000e\000r}{section.2.2}% 11
\BOOKMARK [1][-]{section.2.3}{\376\377\000N\000e\000u\000t\000r\000i\000n\000o\000s}{chapter.2}% 12
\BOOKMARK [2][-]{subsection.2.3.1}{\376\377\000P\000r\000o\000d\000u\000c\000t\000i\000o\000n\000\040\000M\000e\000c\000h\000a\000n\000i\000s\000m\000s}{section.2.3}% 13
\BOOKMARK [2][-]{subsection.2.3.2}{\376\377\000O\000b\000s\000e\000r\000v\000e\000d\000\040\000N\000e\000u\000t\000r\000i\000n\000o\000\040\000S\000p\000e\000c\000t\000r\000u\000m}{section.2.3}% 14
\BOOKMARK [2][-]{subsection.2.3.3}{\376\377\000N\000e\000u\000t\000r\000i\000n\000o\000s\000\040\000a\000s\000\040\000A\000s\000t\000r\000o\000p\000h\000y\000s\000i\000c\000a\000l\000\040\000M\000e\000s\000s\000e\000n\000g\000e\000r\000s}{section.2.3}% 15
\BOOKMARK [2][-]{subsection.2.3.4}{\376\377\000A\000G\000N\000\040\000a\000s\000\040\000N\000e\000u\000t\000r\000i\000n\000o\000\040\000S\000o\000u\000r\000c\000e\000\040\000C\000a\000n\000d\000i\000d\000a\000t\000e\000s}{section.2.3}% 16
\BOOKMARK [2][-]{subsection.2.3.5}{\376\377\000G\000a\000l\000a\000c\000t\000i\000c\000\040\000N\000e\000u\000t\000r\000i\000n\000o\000\040\000S\000o\000u\000r\000c\000e\000s}{section.2.3}% 17
\BOOKMARK [2][-]{subsection.2.3.6}{\376\377\000C\000o\000n\000s\000t\000r\000a\000i\000n\000t\000s\000\040\000o\000n\000\040\000N\000e\000u\000t\000r\000i\000n\000o\000\040\000S\000o\000u\000r\000c\000e\000\040\000P\000o\000p\000u\000l\000a\000t\000i\000o\000n\000s\000\040\000f\000r\000o\000m\000\040\000D\000i\000f\000f\000u\000s\000e\000\040\000M\000e\000a\000s\000u\000r\000e\000m\000e\000n\000t\000s}{section.2.3}% 18
\BOOKMARK [0][-]{chapter.3}{\376\377\000T\000h\000e\000\040\000I\000c\000e\000C\000u\000b\000e\000\040\000D\000e\000t\000e\000c\000t\000o\000r}{}% 19
\BOOKMARK [1][-]{section.3.1}{\376\377\000D\000e\000t\000e\000c\000t\000i\000o\000n\000\040\000M\000e\000c\000h\000a\000n\000i\000s\000m}{chapter.3}% 20
\BOOKMARK [1][-]{section.3.2}{\376\377\000T\000h\000e\000\040\000P\000h\000y\000s\000i\000c\000a\000l\000\040\000C\000o\000m\000p\000o\000n\000e\000n\000t\000s\000\040\000o\000f\000\040\000t\000h\000e\000\040\000I\000c\000e\000C\000u\000b\000e\000\040\000D\000e\000t\000e\000c\000t\000o\000r}{chapter.3}% 21
\BOOKMARK [1][-]{section.3.3}{\376\377\000E\000v\000e\000n\000t\000\040\000T\000y\000p\000e\000s}{chapter.3}% 22
\BOOKMARK [2][-]{subsection.3.3.1}{\376\377\000T\000r\000a\000c\000k\000s}{section.3.3}% 23
\BOOKMARK [2][-]{subsection.3.3.2}{\376\377\000C\000a\000s\000c\000a\000d\000e\000s}{section.3.3}% 24
\BOOKMARK [2][-]{subsection.3.3.3}{\376\377\000D\000o\000u\000b\000l\000e\000\040\000C\000a\000s\000c\000a\000d\000e\000s}{section.3.3}% 25
\BOOKMARK [1][-]{section.3.4}{\376\377\000T\000r\000i\000g\000g\000e\000r\000i\000n\000g}{chapter.3}% 26
\BOOKMARK [1][-]{section.3.5}{\376\377\000D\000i\000r\000e\000c\000t\000i\000o\000n\000a\000l\000\040\000R\000e\000c\000o\000n\000s\000t\000r\000u\000c\000t\000i\000o\000n}{chapter.3}% 27
\BOOKMARK [2][-]{subsection.3.5.1}{\376\377\000L\000i\000n\000e\000F\000i\000t}{section.3.5}% 28
\BOOKMARK [2][-]{subsection.3.5.2}{\376\377\000S\000p\000l\000i\000n\000e\000M\000P\000E}{section.3.5}% 29
\BOOKMARK [2][-]{subsection.3.5.3}{\376\377\000P\000a\000r\000a\000b\000o\000l\000o\000i\000d}{section.3.5}% 30
\BOOKMARK [1][-]{section.3.6}{\376\377\000E\000n\000e\000r\000g\000y\000\040\000R\000e\000c\000o\000n\000s\000t\000r\000u\000c\000t\000i\000o\000n}{chapter.3}% 31
\BOOKMARK [1][-]{section.3.7}{\376\377\000I\000c\000e\000C\000u\000b\000e\000\040\000E\000v\000e\000n\000t\000\040\000S\000a\000m\000p\000l\000e\000s\000\040\000O\000v\000e\000r\000v\000i\000e\000w}{chapter.3}% 32
\BOOKMARK [2][-]{subsection.3.7.1}{\376\377\000P\000o\000i\000n\000t\000S\000o\000u\000r\000c\000e\000T\000r\000a\000c\000k\000s\000\040\000v\0000\0000\0002\000p\0000\0003}{section.3.7}% 33
\BOOKMARK [2][-]{subsection.3.7.2}{\376\377\000P\000o\000i\000n\000t\000S\000o\000u\000r\000c\000e\000T\000r\000a\000c\000k\000s\000\040\000v\0000\0000\0003\000p\0000\0002}{section.3.7}% 34
\BOOKMARK [2][-]{subsection.3.7.3}{\376\377\000N\000o\000r\000t\000h\000e\000r\000n\000T\000r\000a\000c\000k\000s\000\040\000v\0000\0000\0002\000p\0000\0006}{section.3.7}% 35
\BOOKMARK [0][-]{chapter.4}{\376\377\000R\000e\000v\000i\000e\000w\000\040\000a\000n\000d\000\040\000I\000m\000p\000r\000o\000v\000e\000m\000e\000n\000t\000s\000\040\000t\000o\000\040\000S\000t\000a\000t\000i\000s\000t\000i\000c\000a\000l\000\040\000M\000e\000t\000h\000o\000d\000s\000\040\000i\000n\000\040\000N\000e\000u\000t\000r\000i\000n\000o\000\040\000A\000s\000t\000r\000o\000n\000o\000m\000y}{}% 36
\BOOKMARK [1][-]{section.4.1}{\376\377\000C\000l\000u\000s\000t\000e\000r\000i\000n\000g\000\040\000A\000n\000a\000l\000y\000s\000i\000s\000\040\000O\000u\000t\000l\000i\000n\000e\000\040\000f\000o\000r\000\040\000a\000n\000\040\000A\000r\000b\000i\000t\000r\000a\000r\000y\000\040\000T\000e\000s\000t\000\040\000S\000t\000a\000t\000i\000s\000t\000i\000c}{chapter.4}% 37
\BOOKMARK [1][-]{section.4.2}{\376\377\000U\000n\000b\000i\000n\000n\000e\000d\000\040\000T\000i\000m\000e\000\040\000I\000n\000t\000e\000g\000r\000a\000t\000e\000d\000\040\000M\000e\000t\000h\000o\000d\000s}{chapter.4}% 38
\BOOKMARK [1][-]{section.4.3}{\376\377\000U\000n\000b\000i\000n\000n\000e\000d\000\040\000T\000i\000m\000e\000-\000D\000e\000p\000e\000n\000d\000e\000n\000t\000\040\000M\000e\000t\000h\000o\000d\000s}{chapter.4}% 39
\BOOKMARK [2][-]{subsection.4.3.1}{\376\377\000O\000p\000t\000i\000m\000i\000z\000i\000n\000g\000\040\000f\000o\000r\000\040\000a\000\040\000S\000i\000n\000g\000l\000e\000\040\000F\000l\000a\000r\000e}{section.4.3}% 40
\BOOKMARK [2][-]{subsection.4.3.2}{\376\377\000I\000m\000p\000r\000o\000v\000i\000n\000g\000\040\000t\000h\000e\000\040\000S\000e\000a\000r\000c\000h\000\040\000f\000o\000r\000\040\000T\000e\000m\000p\000o\000r\000a\000l\000\040\000C\000l\000u\000s\000t\000e\000r\000i\000n\000g\000:\000\040\000F\000i\000t\000t\000i\000n\000g\000\040\000E\000n\000s\000e\000m\000b\000l\000e\000s\000\040\000o\000f\000\040\000M\000u\000l\000t\000i\000p\000l\000e\000\040\000F\000l\000a\000r\000e\000s}{section.4.3}% 41
\BOOKMARK [0][-]{chapter.5}{\376\377\000A\000p\000p\000l\000i\000c\000a\000t\000i\000o\000n\000s\000\040\000o\000f\000\040\000t\000h\000e\000\040\000M\000u\000l\000t\000i\000-\000f\000l\000a\000r\000e\000\040\000A\000l\000g\000o\000r\000i\000t\000h\000m\000\040\000t\000o\000\040\000S\000o\000u\000r\000c\000e\000\040\000C\000a\000t\000a\000l\000o\000g\000s}{}% 42
\BOOKMARK [1][-]{section.5.1}{\376\377\000S\000e\000l\000f\000-\000T\000r\000i\000g\000g\000e\000r\000e\000d\000\040\000C\000a\000t\000a\000l\000o\000g}{chapter.5}% 43
\BOOKMARK [1][-]{section.5.2}{\376\377\000F\000e\000r\000m\000i\000\040\0003\000L\000A\000C\000\040\000B\000l\000a\000z\000a\000r\000s}{chapter.5}% 44
\BOOKMARK [0][-]{chapter.6}{\376\377\000A\000n\000\040\000A\000l\000l\000-\000S\000k\000y\000\040\000M\000u\000l\000t\000i\000-\000f\000l\000a\000r\000e\000\040\000A\000n\000a\000l\000y\000s\000i\000s}{}% 45
\BOOKMARK [1][-]{section.6.1}{\376\377\000M\000o\000t\000i\000v\000a\000t\000i\000o\000n}{chapter.6}% 46
\BOOKMARK [1][-]{section.6.2}{\376\377\000A\000n\000a\000l\000y\000s\000i\000s\000\040\000C\000o\000n\000s\000t\000r\000u\000c\000t\000i\000o\000n}{chapter.6}% 47
\BOOKMARK [1][-]{section.6.3}{\376\377\000R\000e\000s\000u\000l\000t\000s}{chapter.6}% 48
\BOOKMARK [2][-]{subsection.6.3.1}{\376\377\000H\000o\000t\000s\000p\000o\000t\000s\000\040\000a\000n\000d\000\040\000P\000o\000p\000u\000l\000a\000t\000i\000o\000n\000s\000\040\000A\000n\000a\000l\000y\000s\000i\000s}{section.6.3}% 49
\BOOKMARK [2][-]{subsection.6.3.2}{\376\377\000L\000o\000c\000a\000t\000i\000o\000n\000s\000\040\000o\000f\000\040\000E\000x\000t\000e\000r\000n\000a\000l\000\040\000I\000n\000t\000e\000r\000e\000s\000t}{section.6.3}% 50
\BOOKMARK [0][-]{chapter.7}{\376\377\000O\000u\000t\000l\000o\000o\000k}{}% 51
\BOOKMARK [0][-]{chapter.8}{\376\377\000A\000p\000p\000e\000n\000d\000i\000x\000:\000\040\000S\000t\000a\000t\000i\000s\000t\000i\000c\000s\000\040\000B\000a\000c\000k\000g\000r\000o\000u\000n\000d}{}% 52
\BOOKMARK [1][-]{section.8.1}{\376\377\000E\000s\000t\000i\000m\000a\000t\000o\000r\000s}{chapter.8}% 53
\BOOKMARK [1][-]{section.8.2}{\376\377\000L\000i\000k\000e\000l\000i\000h\000o\000o\000d\000s}{chapter.8}% 54
\BOOKMARK [1][-]{section.8.3}{\376\377\000C\000o\000n\000f\000i\000d\000e\000n\000c\000e\000\040\000I\000n\000t\000e\000r\000v\000a\000l\000s}{chapter.8}% 55
\BOOKMARK [1][-]{section.8.4}{\376\377\000H\000y\000p\000o\000t\000h\000e\000s\000i\000s\000\040\000T\000e\000s\000t\000i\000n\000g}{chapter.8}% 56
\BOOKMARK [2][-]{subsection.8.4.1}{\376\377\000S\000t\000a\000t\000e\000\040\000r\000e\000l\000e\000v\000a\000n\000t\000\040\000n\000u\000l\000l\000\040\000a\000n\000d\000\040\000a\000l\000t\000e\000r\000n\000a\000t\000i\000v\000e\000\040\000h\000y\000p\000o\000t\000h\000e\000s\000e\000s}{section.8.4}% 57
\BOOKMARK [2][-]{subsection.8.4.2}{\376\377\000S\000t\000a\000t\000e\000\040\000a\000\040\000t\000e\000s\000t\000\040\000s\000t\000a\000t\000i\000s\000t\000i\000c}{section.8.4}% 58
\BOOKMARK [2][-]{subsection.8.4.3}{\376\377\000S\000e\000l\000e\000c\000t\000\040\000a\000\040\000s\000i\000g\000n\000i\000f\000i\000c\000a\000n\000c\000e\000\040\000l\000e\000v\000e\000l\000\040\000a\000t\000\040\000w\000h\000i\000c\000h\000\040\000t\000h\000e\000\040\000n\000u\000l\000l\000\040\000h\000y\000p\000o\000t\000h\000e\000s\000i\000s\000\040\000w\000i\000l\000l\000\040\000b\000e\000\040\000r\000e\000j\000e\000c\000t\000e\000d}{section.8.4}% 59
\BOOKMARK [2][-]{subsection.8.4.4}{\376\377\000C\000o\000m\000p\000u\000t\000e\000\040\000t\000h\000e\000\040\000T\000S\000\040\000f\000r\000o\000m\000\040\000o\000b\000s\000e\000r\000v\000e\000d\000\040\000d\000a\000t\000a}{section.8.4}% 60
\BOOKMARK [2][-]{subsection.8.4.5}{\376\377\000D\000e\000c\000i\000d\000e\000\040\000w\000h\000e\000t\000h\000e\000r\000\040\000t\000o\000\040\000a\000c\000c\000e\000p\000t\000\040\000o\000r\000\040\000r\000e\000j\000e\000c\000t\000\040\000t\000h\000e\000\040\000n\000u\000l\000l\000\040\000h\000y\000p\000o\000t\000h\000e\000s\000i\000s}{section.8.4}% 61
\BOOKMARK [1][-]{section.8.5}{\376\377\000T\000r\000i\000a\000l\000\040\000F\000a\000c\000t\000o\000r\000s}{chapter.8}% 62
\BOOKMARK [0][-]{chapter*.62}{\376\377\000B\000i\000b\000l\000i\000o\000g\000r\000a\000p\000h\000y}{}% 63
